<?xml version="1.0" encoding="UTF-8"?>
<!-- Generated by org.testng.reporters.JUnitReportReporter -->
<testsuite skipped="0" hostname="DESKTOP-08J39R4" name="propertiesPractice.TestClass" tests="1" failures="0" timestamp="11 Jul 2018 01:55:05 GMT" time="11.831" errors="0">
  <testcase name="loginTest" time="11.831" classname="propertiesPractice.TestClass"/>
</testsuite> <!-- propertiesPractice.TestClass -->
